[debug] > Exec(early(addDefaultCommands), None, None)
[debug] > Exec(addDefaultCommands, None, None)
[debug] > Exec(early(initialize), None, None)
[debug] > Exec(initialize, None, None)
[debug] > Exec(--addPluginSbtFile=C:\Users\mrmoo\AppData\Local\Temp\idea2.sbt, None, None)
[debug] > Exec(addPluginSbtFile=C:\Users\mrmoo\AppData\Local\Temp\idea2.sbt, None, None)
[debug] > Exec(boot, None, None)
[debug] > Exec(writeSbtVersion, None, None)
[debug] > Exec(reload, None, None)
[debug] > Exec(sbtStashOnFailure, None, None)
[debug] > Exec(onFailure loadFailed, None, None)
[debug] > Exec(loadp, None, None)
[info] welcome to sbt 1.4.0 (JetBrains s.r.o Java 11.0.4)
[debug]       Load.loadUnit: plugins took 137.4743ms
[debug]       Load.loadUnit: defsScala took 0.4395ms
[debug] [Loading] Scanning directory C:\Users\mrmoo\.sbt\1.0\plugins
[debug] [Loading] Found non-root projects 
[debug] [Loading] Done in C:\Users\mrmoo\.sbt\1.0\plugins, returning: ()
[debug] deducing auto plugins based on known facts Set(Atom(sbt.plugins.CorePlugin)) and clauses Clauses(List(Clause(Atom(sbt.plugins.JvmPlugin),Set(Atom(sbt.plugins.IvyPlugin))), Clause(Atom(sbt.ScriptedPlugin),Set(Atom(sbt.plugins.JvmPlugin))), Clause(Atom(sbt.plugins.SbtPlugin),Set(Atom(sbt.ScriptedPlugin))), Clause(Atom(sbt.plugins.SemanticdbPlugin),Set(Atom(sbt.plugins.JvmPlugin))), Clause(Atom(sbt.plugins.JUnitXmlReportPlugin),Set(Atom(sbt.plugins.JvmPlugin))), Clause(Atom(sbt.plugins.MiniDependencyTreePlugin),Set(Atom(sbt.plugins.JvmPlugin))), Clause(Atom(sbt.plugins.CorePlugin),Set(Atom(sbt.plugins.IvyPlugin))), Clause(Atom(sbt.plugins.IvyPlugin),Set(Atom(sbt.plugins.JvmPlugin))), Clause(Atom(sbt.plugins.JvmPlugin),Set(Atom(sbt.plugins.SemanticdbPlugin))), Clause(Atom(sbt.plugins.JvmPlugin),Set(Atom(sbt.plugins.JUnitXmlReportPlugin))), Clause(Atom(sbt.plugins.CorePlugin),Set(Atom(sbt.plugins.Giter8TemplatePlugin))), Clause(Atom(sbt.plugins.JvmPlugin),Set(Atom(sbt.plugins.MiniDependencyTreePlugin)))))
[debug]   :: deduced result: Matched(sbt.plugins.CorePlugin,sbt.plugins.Giter8TemplatePlugin,sbt.plugins.IvyPlugin,sbt.plugins.JvmPlugin,sbt.plugins.MiniDependencyTreePlugin,sbt.plugins.JUnitXmlReportPlugin,sbt.plugins.SemanticdbPlugin)
[debug] Plugins.deducer#function took 32.3509 ms
[debug]           Load.resolveProject(global-plugins) took 63.9506ms
[debug]         Load.loadTransitive: finalizeProject(Project(id global-plugins, base: C:\Users\mrmoo\.sbt\1.0\plugins, plugins: List(<none>))) took 130.2585ms
[debug] [Loading] Done in C:\Users\mrmoo\.sbt\1.0\plugins, returning: (global-plugins)
[debug]       Load.loadUnit: loadedProjectsRaw took 168.5966ms
[debug]       Load.loadUnit: cleanEvalClasses took 0.3249ms
[debug]     Load.loadUnit(file:/C:/Users/mrmoo/.sbt/1.0/plugins/, ...) took 321.2935ms
[debug]   Load.apply: load took 634.1069ms
[debug]   Load.apply: resolveProjects took 8.8916ms
[debug]   Load.apply: finalTransforms took 92.7255ms
[debug]   Load.apply: config.delegates took 10.418ms
[debug]   Load.apply: Def.make(settings)... took 1754.3988ms
[debug]   Load.apply: structureIndex took 168.1846ms
[debug]   Load.apply: mkStreams took 2.2296ms
[info] loading global plugins from C:\Users\mrmoo\.sbt\1.0\plugins
[debug] Running task... Cancel: Signal, check cycles: false, forcegc: true
[debug] Load.defaultLoad until apply took 5615.7043ms
[debug]           Load.loadUnit: plugins took 36.8047ms
[debug]           Load.loadUnit: defsScala took 0.0062ms
[debug] [Loading] Scanning directory D:\Minecraft\Mods\WirtschaftUndRecht\project
[debug]             Load.loadUnit: mkEval took 10.8031ms
[debug] [Loading] Found non-root projects 
[debug] [Loading] Done in D:\Minecraft\Mods\WirtschaftUndRecht\project, returning: ()
[debug] deducing auto plugins based on known facts Set(Atom(sbt.plugins.CorePlugin)) and clauses Clauses(List(Clause(Atom(sbt.plugins.JvmPlugin),Set(Atom(sbt.plugins.IvyPlugin))), Clause(Atom(sbt.ScriptedPlugin),Set(Atom(sbt.plugins.JvmPlugin))), Clause(Atom(sbt.plugins.SbtPlugin),Set(Atom(sbt.ScriptedPlugin))), Clause(Atom(sbt.plugins.SemanticdbPlugin),Set(Atom(sbt.plugins.JvmPlugin))), Clause(Atom(sbt.plugins.JUnitXmlReportPlugin),Set(Atom(sbt.plugins.JvmPlugin))), Clause(Atom(sbt.plugins.MiniDependencyTreePlugin),Set(Atom(sbt.plugins.JvmPlugin))), Clause(Atom(sbt.plugins.CorePlugin),Set(Atom(sbt.plugins.IvyPlugin))), Clause(Atom(sbt.plugins.IvyPlugin),Set(Atom(sbt.plugins.JvmPlugin))), Clause(Atom(sbt.plugins.JvmPlugin),Set(Atom(sbt.plugins.SemanticdbPlugin))), Clause(Atom(sbt.plugins.JvmPlugin),Set(Atom(sbt.plugins.JUnitXmlReportPlugin))), Clause(Atom(sbt.plugins.CorePlugin),Set(Atom(sbt.plugins.Giter8TemplatePlugin))), Clause(Atom(sbt.plugins.JvmPlugin),Set(Atom(sbt.plugins.MiniDependencyTreePlugin)))))
[debug]   :: deduced result: Matched(sbt.plugins.CorePlugin,sbt.plugins.Giter8TemplatePlugin,sbt.plugins.IvyPlugin,sbt.plugins.JvmPlugin,sbt.plugins.MiniDependencyTreePlugin,sbt.plugins.JUnitXmlReportPlugin,sbt.plugins.SemanticdbPlugin)
[debug] Plugins.deducer#function took 2.0018 ms
[info] loading settings for project wirtschaftundrecht-build from idea2.sbt ...
[debug]               Load.resolveProject(wirtschaftundrecht-build) took 3.562ms
[debug]             Load.loadTransitive: finalizeProject(Project(id wirtschaftundrecht-build, base: D:\Minecraft\Mods\WirtschaftUndRecht\project, plugins: List(<none>))) took 6.2212ms
[debug] [Loading] Done in D:\Minecraft\Mods\WirtschaftUndRecht\project, returning: (wirtschaftundrecht-build)
[debug]           Load.loadUnit: loadedProjectsRaw took 275.0332ms
[debug]           Load.loadUnit: cleanEvalClasses took 6.752ms
[debug]         Load.loadUnit(file:/D:/Minecraft/Mods/WirtschaftUndRecht/project/, ...) took 319.8081ms
[debug]       Load.apply: load took 321.6765ms
[debug]       Load.apply: resolveProjects took 0.1538ms
[debug]       Load.apply: finalTransforms took 30.0551ms
[debug]       Load.apply: config.delegates took 0.6294ms
[debug]       Load.apply: Def.make(settings)... took 168.0469ms
[debug]       Load.apply: structureIndex took 44.8756ms
[debug]       Load.apply: mkStreams took 0.0035ms
[info] loading project definition from D:\Minecraft\Mods\WirtschaftUndRecht\project
[debug] Running task... Cancel: Signal, check cycles: false, forcegc: true
[debug]     Load.loadUnit: plugins took 1071.2492ms
[debug]     Load.loadUnit: defsScala took 0.0048ms
[debug] [Loading] Scanning directory D:\Minecraft\Mods\WirtschaftUndRecht
[debug]       Load.loadUnit: mkEval took 0.3062ms
[debug] [Loading] Found non-root projects 
[debug] [Loading] Done in D:\Minecraft\Mods\WirtschaftUndRecht, returning: ()
[debug] deducing auto plugins based on known facts Set(Atom(sbt.plugins.CorePlugin)) and clauses Clauses(List(Clause(Atom(sbt.plugins.JvmPlugin),Set(Atom(sbt.plugins.IvyPlugin))), Clause(Atom(sbt.ScriptedPlugin),Set(Atom(sbt.plugins.JvmPlugin))), Clause(Atom(sbt.plugins.SbtPlugin),Set(Atom(sbt.ScriptedPlugin))), Clause(Atom(sbt.plugins.SemanticdbPlugin),Set(Atom(sbt.plugins.JvmPlugin))), Clause(Atom(sbt.plugins.JUnitXmlReportPlugin),Set(Atom(sbt.plugins.JvmPlugin))), Clause(Atom(sbt.plugins.MiniDependencyTreePlugin),Set(Atom(sbt.plugins.JvmPlugin))), Clause(Atom(org.jetbrains.sbt.StructurePlugin),Set(Atom(sbt.plugins.JvmPlugin))), Clause(Atom(org.jetbrains.sbt.IdeaShellPlugin),Set(Atom(sbt.plugins.JvmPlugin))), Clause(Atom(org.jetbrains.sbt.indices.SbtIntellijIndicesPlugin),Set(Atom(sbt.plugins.JvmPlugin))), Clause(Atom(sbt.plugins.CorePlugin),Set(Atom(sbt.plugins.IvyPlugin))), Clause(Atom(sbt.plugins.IvyPlugin),Set(Atom(sbt.plugins.JvmPlugin))), Clause(Atom(sbt.plugins.JvmPlugin),Set(Atom(sbt.plugins.SemanticdbPlugin))), Clause(Atom(sbt.plugins.JvmPlugin),Set(Atom(sbt.plugins.JUnitXmlReportPlugin))), Clause(Atom(sbt.plugins.CorePlugin),Set(Atom(sbt.plugins.Giter8TemplatePlugin))), Clause(Atom(sbt.plugins.JvmPlugin),Set(Atom(sbt.plugins.MiniDependencyTreePlugin))), Clause(Atom(sbt.plugins.JvmPlugin),Set(Atom(org.jetbrains.sbt.StructurePlugin))), Clause(Atom(sbt.plugins.JvmPlugin),Set(Atom(org.jetbrains.sbt.IdeaShellPlugin))), Clause(And(Set(Atom(sbt.plugins.CorePlugin), Atom(sbt.plugins.JvmPlugin))),Set(Atom(org.jetbrains.sbt.indices.SbtIntellijIndicesPlugin)))))
[debug]   :: deduced result: Matched(sbt.plugins.CorePlugin,sbt.plugins.Giter8TemplatePlugin,sbt.plugins.IvyPlugin,sbt.plugins.JvmPlugin,sbt.plugins.SemanticdbPlugin,org.jetbrains.sbt.indices.SbtIntellijIndicesPlugin,sbt.plugins.JUnitXmlReportPlugin,org.jetbrains.sbt.IdeaShellPlugin,org.jetbrains.sbt.StructurePlugin,sbt.plugins.MiniDependencyTreePlugin)
[debug] Plugins.deducer#function took 2.7733 ms
[info] loading settings for project wirtschaftundrecht from build.sbt ...
[debug]         Load.resolveProject(wirtschaftundrecht) took 72.1055ms
[debug]       Load.loadTransitive: finalizeProject(Project(id wirtschaftundrecht, base: D:\Minecraft\Mods\WirtschaftUndRecht, plugins: List(<none>))) took 76.408ms
[debug] [Loading] Done in D:\Minecraft\Mods\WirtschaftUndRecht, returning: (wirtschaftundrecht)
[debug]     Load.loadUnit: loadedProjectsRaw took 346.213ms
[debug]     Load.loadUnit: cleanEvalClasses took 16.6429ms
[debug]   Load.loadUnit(file:/D:/Minecraft/Mods/WirtschaftUndRecht/, ...) took 1434.8022ms
[debug] Load.apply: load took 1436.5611ms
[debug] Load.apply: resolveProjects took 0.1467ms
[debug] Load.apply: finalTransforms took 71.5434ms
[debug] Load.apply: config.delegates took 3.3167ms
[debug] Load.apply: Def.make(settings)... took 205.1636ms
[debug] Load.apply: structureIndex took 42.1123ms
[debug] Load.apply: mkStreams took 0.0027ms
[info] set current project to WirtschaftUndRecht (in build file:/D:/Minecraft/Mods/WirtschaftUndRecht/)
[debug] > Exec(sbtPopOnFailure, None, None)
[debug] > Exec(resumeFromFailure, None, None)
[debug] > Exec(notifyUsersAboutShell, None, None)
[debug] > Exec(iflast shell, None, None)
[debug] > Exec(; set ideaPort in Global := 62138 ; idea-shell, None, None)
[debug] > Exec(set ideaPort in Global := 62138, None, None)
[info] Defining Global / ideaPort
[info] The new value will be used by Compile / compile, Test / compile
[debug] Defining 
[debug] 	Global / ideaPort
[debug] 
[debug] The new value will be used by 
[debug] 	Compile / compile
[debug] 	Test / compile
[info] Reapplying settings...
[info] set current project to WirtschaftUndRecht (in build file:/D:/Minecraft/Mods/WirtschaftUndRecht/)
[debug] > Exec(idea-shell, None, None)
